<?xml version="1.0" encoding="UTF-8"?>
<!-- Generated by org.testng.reporters.JUnitReportReporter -->
<testsuite skipped="0" hostname="N-107" name="search.SearchTest" tests="1" failures="0" timestamp="2020-04-14T15:12:20 ART" time="17.572" errors="0">
  <testcase name="searchByDress" time="17.572" classname="search.SearchTest"/>
</testsuite> <!-- search.SearchTest -->
