<?xml version="1.0" encoding="UTF-8"?>
<!-- Generated by org.testng.reporters.JUnitReportReporter -->
<testsuite skipped="0" hostname="N-107" name="searchFromData.SearchTest" tests="1" failures="0" timestamp="2020-04-15T15:18:42 ART" time="24.000" errors="0">
  <testcase name="searchAndWriteData" time="24.000" classname="searchFromData.SearchTest"/>
</testsuite> <!-- searchFromData.SearchTest -->
